[2022-02-11 22:40:23,105] INFO - Time Since last post: 3:20:30.093190
[2022-02-11 22:40:23,108] INFO - Elon Musk is not pooping right now.
[2022-02-13 02:44:47,161] INFO - Time Since last post: 0:18:46.150032
[2022-02-13 02:44:47,164] INFO - Elon Musk is not pooping right now.
[2022-02-13 02:48:42,217] INFO - Time Since last post: 0:22:41.206007
[2022-02-13 02:48:42,219] INFO - Elon Musk is not pooping right now.
[2022-02-13 02:50:52,219] INFO - Time Since last post: 0:24:51.207552
[2022-02-13 02:50:52,220] INFO - Elon Musk is not pooping right now.
[2022-02-13 02:50:52,221] INFO - <class 'NoneType'>
[2022-02-13 02:50:52,438] INFO - 1491918468932907013
[2022-02-13 02:57:02,145] INFO - Time Since last post: 0:31:01.132858
[2022-02-13 02:57:02,147] INFO - Elon Musk is not pooping right now.
[2022-02-13 03:14:40,536] INFO - Time Since last post: 0:48:39.525268
[2022-02-13 03:14:40,538] INFO - Elon Musk is not pooping right now.
[2022-02-13 03:21:02,814] INFO - Time Since last post: 0:55:01.799344
[2022-02-13 03:21:02,815] INFO - Elon Musk is not pooping right now.
[2022-02-13 03:27:04,089] INFO - Time Since last post: 1:01:03.072244
[2022-02-13 03:27:04,090] INFO - Elon Musk is not pooping right now.
[2022-02-13 03:27:12,347] INFO - Time Since last post: 1:01:11.333603
[2022-02-13 03:27:12,349] INFO - Elon Musk is not pooping right now.
[2022-02-13 03:28:14,649] INFO - Time Since last post: 1:02:13.633812
[2022-02-13 03:28:14,902] INFO - Elon Musk could be pooping. His leg is Asleep.
[2022-02-13 03:28:14,904] INFO - posting
[2022-02-15 11:36:34,911] INFO - Time Since last post: 13:53:04.897457
[2022-02-15 11:36:34,912] INFO - -1
[2022-02-15 11:36:34,912] INFO - Elon Musk is not pooping right now.
[2022-02-15 11:37:32,558] INFO - Time Since last post: 13:54:02.546299
[2022-02-15 11:37:32,560] INFO - -1
[2022-02-15 11:37:32,561] INFO - Elon Musk is not pooping right now.
[2022-02-15 11:38:27,528] INFO - Time Since last post: 13:54:57.516027
[2022-02-15 11:38:27,530] INFO - -1
[2022-02-15 11:38:27,530] INFO - Elon Musk is not pooping right now.
[2022-02-15 11:40:02,500] INFO - Time Since last post: 13:56:32.480974
[2022-02-15 11:40:02,504] INFO - 2
[2022-02-15 11:40:02,822] INFO - poopstart#: 2
[2022-02-15 11:40:02,826] INFO - time between action during: 7:06:04.252659
[2022-02-15 11:40:02,826] INFO - duration of pooping: 14:12:08.505318
[2022-02-15 11:40:02,827] INFO - Time of my last post: 2022-02-14 23:10:05+00:00
[2022-02-15 11:40:02,828] INFO - When Pooping started: 2022-02-15 02:27:54+00:00
[2022-02-15 11:40:02,829] INFO - Last post Text: Elon Musk is still pooping. It's not a good one.
[2022-02-15 11:40:02,829] INFO - Elon Musk is probably pooping. His leg is Asleep.
[2022-02-15 11:40:02,830] INFO - posting
[2022-02-16 19:22:15,019] INFO - Time Since last post: 2:35:16.007605
[2022-02-16 19:22:15,020] INFO - Elon Musk is not pooping right now.
[2022-02-16 19:24:33,365] INFO - Time Since last post: 2:37:34.352644
[2022-02-16 19:24:33,366] INFO - Elon Musk is not pooping right now.
[2022-02-16 19:24:33,590] INFO - Elon Musk is definitely still pooping.
[2022-02-16 19:24:33,591] INFO - Elon Musk is definitely still pooping.
[2022-02-16 19:24:33,592] INFO - posting
[2022-02-16 19:28:32,741] INFO - Time Since last post: 2:41:33.728951
[2022-02-16 19:28:32,743] INFO - Elon Musk is not pooping right now.
[2022-02-16 19:28:32,967] INFO - notposting
[2022-02-16 19:34:41,185] INFO - Time Since last post: 2:47:42.172552
[2022-02-16 19:34:41,186] INFO - Elon Musk is not pooping right now.
[2022-03-02 21:48:03,904] INFO - Time Since last post: 1:03:51.882319
[2022-03-02 21:48:03,907] INFO - Elon Musk is not pooping right now.
[2022-03-02 22:03:06,179] INFO - Time Since last post: 1 hour(s)18 min(s)
[2022-03-02 22:03:06,181] INFO - Elon Musk is not pooping right now.
[2022-03-03 00:11:03,904] INFO - Time Since last post: 0 hour(s)6 min(s)
[2022-03-03 00:11:03,905] INFO - Elon Musk could be pooping but we aren't sure.
[2022-03-03 00:48:09,978] INFO - Time Since last post: 0 hour(s)10 min(s)
[2022-03-03 00:48:09,981] INFO - Elon Musk is not pooping right now.
[2022-03-03 00:50:15,599] INFO - Time Since last post: 0 hour(s)12 min(s)
[2022-03-03 00:50:15,600] INFO - Elon Musk is not pooping right now.
[2022-03-03 01:10:46,500] INFO - Time Since last post: 0 day(s) 0 hour(s)32 min(s)
[2022-03-03 01:10:46,502] INFO - Elon Musk is not pooping right now.
[2022-03-03 22:49:04,764] INFO - Time Since last post: 0 days 0 hours 27 mins
[2022-03-03 22:49:04,766] INFO - Elon Musk is not pooping right now.
